GET /api/command/restart/empty 
GET /api/get/if/competition_question/competition_id=1 
GET /api/get/if/competition/id=1 
GET /api/get_question/1/23001 
GET /api/get_question/2/23001 
GET /api/get_question/3/23001 
GET /api/get_question/4/23001 
GET /api/get_question/5/23001 
GET /api/get_question/4/23001 
GET /api/get_question/5/23001 
GET /api/get_question/6/23001 
GET /api/get_question/7/23001 
GET /api/get_question/8/23001 
GET /api/get_question/7/23001 
GET /api/get_question/8/23001 
GET /api/get_question/9/23001 
GET /api/get_question/10/23001 
GET /api/get/if/competition_user[competition_id[]]/user_id=23001 
GET /api/get/if/competition_question/competition_id=2 
GET /api/get/if/competition/id=2 
GET /api/get_question/11/23001 
GET /api/get_question/12/23001 
GET /api/get_question/13/23001 
GET /api/get_question/14/23001 
GET /api/get_question/13/23001 
GET /api/get_question/14/23001 
GET /api/get_question/15/23001 
GET /api/get_question/16/23001 
GET /api/get_question/17/23001 
GET /api/get_question/18/23001 
GET /api/get_question/19/23001 
GET /api/get_question/20/23001 
GET /api/get_question/18/23001 
GET /api/get_question/17/23001 
GET /api/get_question/16/23001 
GET /api/get_question/14/23001 
GET /api/get_question/15/23001 
GET /api/get_question/14/23001 
GET /api/get_question/13/23001 
GET /api/get_question/15/23001 
GET /api/get_question/12/23001 
GET /api/get_question/11/23001 
GET /api/get_question/15/23001 
GET /api/get_question/16/23001 
GET /api/get_question/17/23001 
GET /api/get_question/18/23001 
GET /api/get_question/19/23001 
