GET /api/get/if/competition_question/competition_id=4 
GET /api/get/if/competition/id=4 
GET /api/get_question/38/21001 
GET /api/get_question/39/21001 
GET /api/get_question/41/21001 
GET /api/command/restart/empty 
GET /api/get/if/competition_question/competition_id=4 
GET /api/get/if/competition/id=4 
GET /api/get/if/competition_user[competition_id[]]/user_id=21001 
GET /api/dump_as_file/* 
POST /api/login {"login":"lol","password":"lol"}
GET /api/get/if/competition_user[competition_id[]]/user_id=21001 
GET /api/command/restart/empty 
POST /api/login {"login":"тест","password":"тест"}
POST /api/login {"login":"test","password":"test"}
GET /api/get/if/competition_user[competition_id[]]/user_id=21001 
GET /api/get/if/competition_question/competition_id=1 
GET /api/get/if/competition/id=1 
GET /api/get_question/9/21001 
POST /api/login {"login":"test","password":"test"}
GET /api/get/if/competition_user[competition_id[]]/user_id=21001 
GET /api/get/if/competition_question/competition_id=1 
GET /api/get/if/competition/id=1 
POST /api/login {"login":"test","password":"test"}
GET /api/get/if/competition_user[competition_id[]]/user_id=21001 
GET /api/get/if/competition_question/competition_id=2 
GET /api/get/if/competition/id=2 
GET /api/get_question/10/21001 
GET /api/get_question/11/21001 
POST /api/post/answer {"user_id":21001,"question_id":11,"value":"2"}
GET /api/get_question/12/21001 
GET /api/get_question/11/21001 
GET /api/get_question/12/21001 
POST /api/post/answer {"user_id":21001,"question_id":12,"value":"1"}
GET /api/get_question/13/21001 
POST /api/post/answer {"user_id":21001,"question_id":13,"value":"1"}
POST /api/post/answer {"user_id":21001,"question_id":13,"value":"1"}
GET /api/get_question/14/21001 
POST /api/post/answer {"user_id":21001,"question_id":14,"value":"1"}
GET /api/get_question/15/21001 
POST /api/post/answer {"user_id":21001,"question_id":15,"value":"5"}
POST /api/post/answer {"user_id":21001,"question_id":15,"value":"2"}
GET /api/get_question/16/21001 
POST /api/post/answer {"user_id":21001,"question_id":16,"value":"436125"}
GET /api/get_question/17/21001 
POST /api/post/answer {"user_id":21001,"question_id":17,"value":"hldfvj;wofjow"}
GET /api/get_question/18/21001 
POST /api/post/answer {"user_id":21001,"question_id":18,"value":"hgukhgliij"}
POST /api/post/answer {"user_id":21001,"question_id":18,"value":"hgukhgliijgygoyhiop. idiheod;fjweo;.гвушдароуцщаш"}
GET /api/get_question/19/21001 
POST /api/post/answer {"user_id":21001,"question_id":19,"value":"слоывсдылвс.ошаощцзауощю.uhgwifg"}
POST /api/login {"login":"test","password":"test"}
GET /api/get/if/competition_user[competition_id[]]/user_id=21001 
GET /api/get/if/competition_question/competition_id=2 
GET /api/get/if/competition/id=2 
GET /api/get_question/14/21001 
GET /api/get_question/16/21001 
GET /api/get_question/18/21001 
GET /api/get_question/19/21001 
POST /api/post/answer {"user_id":21001,"question_id":19,"value":"слоывсдылвс.ошаощцзауощю.uhgwifg"}
POST /api/post/answer {"user_id":21001,"question_id":19,"value":"слоывсдылвс.ошаощцзауощю.uhgwifg"}
GET /api/get/if/competition_user[competition_id[]]/user_id=21001 
GET /api/get/if/competition_question/competition_id=2 
GET /api/get/if/competition/id=2 
GET /api/get_question/11/21001 
GET /api/get/if/competition_user[competition_id[]]/user_id=21001 
GET /api/get/if/competition_question/competition_id=1 
GET /api/get/if/competition/id=1 
GET /api/get_question/1/21001 
GET /api/get_question/2/21001 
POST /api/post/answer {"user_id":21001,"question_id":2,"value":"1"}
GET /api/get_question/3/21001 
POST /api/post/answer {"user_id":21001,"question_id":3,"value":"2"}
GET /api/get_question/4/21001 
POST /api/post/answer {"user_id":21001,"question_id":4,"value":"1"}
GET /api/get_question/5/21001 
POST /api/post/answer {"user_id":21001,"question_id":5,"value":"5"}
GET /api/get_question/6/21001 
POST /api/post/answer {"user_id":21001,"question_id":6,"value":"2"}
POST /api/post/answer {"user_id":21001,"question_id":6,"value":"2"}
GET /api/get_question/7/21001 
POST /api/post/answer {"user_id":21001,"question_id":7,"value":"123456"}
GET /api/get_question/8/21001 
GET /api/get_question/9/21001 
POST /api/post/answer {"user_id":21001,"question_id":9,"value":"кангекаешгн"}
GET /api/get/if/competition_user[competition_id[]]/user_id=21001 
GET /api/get/if/competition_question/competition_id=4 
GET /api/get/if/competition/id=4 
GET /api/get_question/33/21001 
GET /api/get_question/34/21001 
POST /api/post/answer {"user_id":21001,"question_id":34,"value":"1"}
GET /api/get_question/35/21001 
POST /api/post/answer {"user_id":21001,"question_id":35,"value":"2"}
GET /api/get_question/36/21001 
POST /api/post/answer {"user_id":21001,"question_id":36,"value":"1"}
GET /api/get_question/37/21001 
POST /api/post/answer {"user_id":21001,"question_id":37,"value":"1"}
GET /api/get_question/38/21001 
POST /api/post/answer {"user_id":21001,"question_id":38,"value":"2"}
GET /api/get_question/39/21001 
POST /api/post/answer {"user_id":21001,"question_id":39,"value":"123456"}
GET /api/get_question/40/21001 
POST /api/post/answer {"user_id":21001,"question_id":40,"value":"43е34е"}
GET /api/get_question/41/21001 
GET /api/get/if/competition_user[competition_id[]]/user_id=21001 
GET /api/get/if/competition_question/competition_id=3 
GET /api/get/if/competition/id=3 
GET /api/get_question/20/21001 
GET /api/get/if/competition_user[competition_id[]]/user_id=21001 
GET /api/get/if/competition/id=5 
GET /api/get/if/competition_question/competition_id=5 
GET /api/get_question/42/21001 
GET /api/get/if/competition_user[competition_id[]]/user_id=21001 
GET /api/get/if/competition/id=6 
GET /api/get/if/competition_question/competition_id=6 
GET /api/get_question/55/21001 
GET /api/get/if/competition_user[competition_id[]]/user_id=21001 
GET /api/get/if/competition/id=3 
GET /api/get/if/competition_question/competition_id=3 
GET /api/get_question/21/21001 
GET /api/get_question/22/21001 
GET /api/get_question/21/21001 
POST /api/post/answer {"user_id":21001,"question_id":21,"value":"1"}
GET /api/get_question/22/21001 
POST /api/post/answer {"user_id":21001,"question_id":22,"value":"1"}
GET /api/get_question/23/21001 
POST /api/post/answer {"user_id":21001,"question_id":23,"value":"2"}
GET /api/get_question/24/21001 
POST /api/post/answer {"user_id":21001,"question_id":24,"value":"1"}
GET /api/get_question/25/21001 
POST /api/post/answer {"user_id":21001,"question_id":25,"value":"1"}
GET /api/get_question/26/21001 
GET /api/get_question/27/21001 
GET /api/get_question/28/21001 
GET /api/get_question/29/21001 
GET /api/get_question/30/21001 
GET /api/get_question/31/21001 
GET /api/get_question/32/21001 
POST /api/post/answer {"user_id":21001,"question_id":32,"value":"в"}
GET /api/get_question/31/21001 
GET /api/get/if/competition_user[competition_id[]]/user_id=21001 
GET /api/get/if/competition_question/competition_id=6 
GET /api/get/if/competition/id=6 
GET /api/get_question/55/21001 
GET /api/get_question/56/21001 
POST /api/post/answer {"user_id":21001,"question_id":56,"value":"1"}
GET /api/get_question/57/21001 
POST /api/post/answer {"user_id":21001,"question_id":57,"value":"2"}
GET /api/get_question/58/21001 
POST /api/post/answer {"user_id":21001,"question_id":58,"value":"2"}
GET /api/get_question/59/21001 
POST /api/post/answer {"user_id":21001,"question_id":59,"value":"2"}
GET /api/get_question/60/21001 
POST /api/post/answer {"user_id":21001,"question_id":60,"value":"1"}
GET /api/get_question/61/21001 
POST /api/post/answer {"user_id":21001,"question_id":61,"value":"й"}
GET /api/get_question/62/21001 
GET /api/get_question/63/21001 
GET /api/get_question/64/21001 
GET /api/get_question/65/21001 
GET /api/get_question/66/21001 
GET /api/get_question/67/21001 
GET /api/get/if/competition_user[competition_id[]]/user_id=21001 
GET /api/get/if/competition_question/competition_id=5 
GET /api/get/if/competition/id=5 
GET /api/get_question/43/21001 
POST /api/post/answer {"user_id":21001,"question_id":43,"value":"1"}
GET /api/get_question/44/21001 
POST /api/post/answer {"user_id":21001,"question_id":44,"value":"1"}
GET /api/get_question/45/21001 
GET /api/get_question/46/21001 
POST /api/post/answer {"user_id":21001,"question_id":46,"value":"1"}
GET /api/get_question/47/21001 
POST /api/post/answer {"user_id":21001,"question_id":47,"value":"2"}
GET /api/get_question/48/21001 
GET /api/get_question/49/21001 
GET /api/get_question/50/21001 
GET /api/get_question/51/21001 
GET /api/get_question/52/21001 
GET /api/get_question/53/21001 
GET /api/get_question/54/21001 
GET /api/get/if/competition_user[competition_id[]]/user_id=21001 
GET /api/get/if/competition_question/competition_id=1 
GET /api/get/if/competition/id=1 
GET /api/get_question/2/21001 
GET /api/get_question/1/21001 
GET /api/get/if/competition_user[competition_id[]]/user_id=21001 
GET /api/get/if/competition_question/competition_id=1 
GET /api/get/if/competition/id=1 
GET /api/get_question/1/21001 
GET /api/get_question/2/21001 
POST /api/post/answer {"user_id":21001,"question_id":2,"value":"9"}
GET /api/get_question/3/21001 
GET /api/get_question/4/21001 
GET /api/get_question/5/21001 
GET /api/get_question/6/21001 
GET /api/get_question/7/21001 
GET /api/get_question/8/21001 
GET /api/get_question/9/21001 
GET /api/get_question/3/21001 
GET /api/get_question/5/21001 
GET /api/get_question/7/21001 
GET /api/get_question/9/21001 
POST /api/post/answer {"user_id":21001,"question_id":9,"value":"кангекаешгн"}
GET /api/get_question/8/21001 
POST /api/post/answer {"user_id":21001,"question_id":8,"value":"кон"}
GET /api/get_question/9/21001 
GET /api/get/if/competition_user[competition_id[]]/user_id=21001 
GET /api/get/if/competition_question/competition_id=3 
GET /api/get/if/competition/id=3 
GET /api/get_question/29/21001 
GET /api/get_question/28/21001 
GET /api/get_question/26/21001 
GET /api/get_question/25/21001 
GET /api/get_question/26/21001 
GET /api/get_question/27/21001 
GET /api/get_question/28/21001 
GET /api/get_question/29/21001 
GET /api/get_question/30/21001 
GET /api/get_question/31/21001 
GET /api/get_question/30/21001 
GET /api/get_question/29/21001 
GET /api/get_question/28/21001 
GET /api/get_question/27/21001 
GET /api/get_question/26/21001 
GET /api/get_question/24/21001 
GET /api/get/if/competition_user[competition_id[]]/user_id=21001 
GET /api/get/if/competition_question/competition_id=1 
GET /api/get/if/competition/id=1 
GET /api/get_question/4/21001 
GET /api/get_question/5/21001 
GET /api/get_question/6/21001 
GET /api/get_question/7/21001 
GET /api/get_question/8/21001 
GET /api/get/if/competition_user[competition_id[]]/user_id=21001 
GET /api/get/if/competition_question/competition_id=3 
GET /api/get/if/competition/id=3 
GET /api/get_question/27/21001 
GET /api/get_question/25/21001 
GET /api/get_question/26/21001 
POST /api/login {"login":"test","password":"test"}
GET /api/get/if/competition_user[competition_id[]]/user_id=21001 
GET /api/get/if/competition/id=1 
GET /api/get/if/competition_question/competition_id=1 
GET /api/get_question/3/21001 
GET /api/get/if/competition_user[competition_id[]]/user_id=21001 
GET /api/get/if/competition_question/competition_id=2 
GET /api/get/if/competition/id=2 
GET /api/get_question/16/21001 
GET /api/get/if/competition_user[competition_id[]]/user_id=21001 
GET /api/get/if/competition/id=1 
GET /api/get/if/competition/id=1 
GET /api/get/if/competition_question/competition_id=1 
GET /api/get_question/7/21001 
GET /api/get/if/competition_user[competition_id[]]/user_id=21001 
GET /api/get/if/competition_question/competition_id=4 
GET /api/get/if/competition/id=4 
GET /api/get_question/39/21001 
GET /api/get_question/38/21001 
GET /api/get_question/39/21001 
GET /api/get/if/competition_user[competition_id[]]/user_id=21001 
GET /api/get/if/competition_question/competition_id=1 
GET /api/get/if/competition/id=1 
GET /api/get_question/7/21001 
GET /api/get/if/competition_user[competition_id[]]/user_id=21001 
GET /api/get/if/competition/id=4 
GET /api/get/if/competition_question/competition_id=4 
GET /api/get_question/39/21001 
GET /api/get/if/competition_user[competition_id[]]/user_id=21001 
GET /api/get/if/competition_question/competition_id=2 
GET /api/get/if/competition/id=2 
GET /api/get_question/16/21001 
GET /api/get/if/competition_user[competition_id[]]/user_id=21001 
GET /api/get/if/competition_question/competition_id=4 
GET /api/get/if/competition/id=4 
GET /api/get_question/39/21001 
GET /api/get/if/competition_user[competition_id[]]/user_id=21001 
GET /api/get/if/competition_question/competition_id=1 
GET /api/get/if/competition/id=1 
GET /api/get_question/4/21001 
GET /api/get_question/8/21001 
GET /api/get/if/competition_user[competition_id[]]/user_id=21001 
GET /api/get/if/competition_question/competition_id=2 
GET /api/get/if/competition/id=2 
GET /api/get_question/17/21001 
GET /api/get/if/competition_user[competition_id[]]/user_id=21001 
GET /api/get/if/competition/id=2 
GET /api/get/if/competition_question/competition_id=2 
GET /api/get_question/17/21001 
GET /api/get/if/competition_user[competition_id[]]/user_id=21001 
GET /api/get/if/competition/id=3 
GET /api/get/if/competition_question/competition_id=3 
GET /api/get_question/26/21001 
GET /api/get_question/25/21001 
GET /api/get_question/26/21001 
GET /api/get_question/27/21001 
GET /api/get_question/28/21001 
GET /api/get_question/29/21001 
GET /api/get_question/30/21001 
GET /api/get_question/31/21001 
GET /api/get_question/26/21001 
GET /api/get_question/27/21001 
GET /api/get_question/28/21001 
GET /api/get_question/29/21001 
GET /api/get_question/30/21001 
GET /api/get_question/31/21001 
GET /api/get_question/30/21001 
GET /api/get_question/29/21001 
GET /api/get_question/28/21001 
GET /api/get_question/27/21001 
GET /api/get_question/26/21001 
GET /api/get_question/27/21001 
GET /api/get_question/28/21001 
GET /api/get_question/29/21001 
GET /api/get_question/30/21001 
GET /api/get_question/26/21001 
GET /api/get_question/30/21001 
GET /api/get_question/27/21001 
GET /api/get_question/26/21001 
GET /api/get_question/27/21001 
GET /api/get_question/28/21001 
GET /api/get_question/29/21001 
GET /api/get_question/30/21001 
GET /api/get_question/31/21001 
GET /api/get_question/30/21001 
GET /api/get_question/27/21001 
GET /api/get_question/26/21001 
GET /api/get_question/27/21001 
GET /api/get_question/28/21001 
GET /api/get_question/29/21001 
GET /api/get_question/30/21001 
GET /api/get_question/31/21001 
GET /api/get_question/32/21001 
GET /api/get_question/31/21001 
GET /api/get_question/30/21001 
GET /api/get_question/29/21001 
GET /api/get_question/30/21001 
GET /api/get_question/29/21001 
GET /api/get_question/28/21001 
GET /api/get_question/27/21001 
GET /api/get_question/30/21001 
GET /api/get_question/31/21001 
GET /api/get/if/competition_user[competition_id[]]/user_id=21001 
GET /api/get/if/competition_question/competition_id=4 
GET /api/get/if/competition/id=4 
GET /api/get_question/38/21001 
GET /api/get_question/37/21001 
GET /api/get_question/39/21001 
GET /api/get_question/40/21001 
GET /api/get/if/competition_user[competition_id[]]/user_id=21001 
GET /api/get/if/competition_question/competition_id=6 
GET /api/get/if/competition/id=6 
GET /api/get_question/61/21001 
GET /api/get_question/60/21001 
GET /api/get_question/61/21001 
GET /api/get_question/60/21001 
GET /api/get_question/61/21001 
GET /api/get_question/62/21001 
GET /api/get_question/63/21001 
GET /api/get_question/64/21001 
GET /api/get_question/65/21001 
GET /api/get_question/66/21001 
GET /api/get_question/61/21001 
GET /api/get_question/66/21001 
GET /api/get_question/65/21001 
GET /api/get_question/64/21001 
GET /api/get_question/62/21001 
GET /api/get/if/competition_user[competition_id[]]/user_id=21001 
GET /api/get/if/competition_question/competition_id=5 
GET /api/get/if/competition/id=5 
GET /api/get_question/53/21001 
GET /api/get_question/48/21001 
GET /api/get_question/49/21001 
GET /api/get_question/50/21001 
GET /api/get_question/51/21001 
GET /api/get_question/52/21001 
GET /api/get_question/53/21001 
GET /api/get_question/54/21001 
GET /api/get_question/45/21001 
GET /api/get/if/competition_user[competition_id[]]/user_id=21001 
GET /api/get/if/competition/id=2 
GET /api/get/if/competition_question/competition_id=2 
GET /api/get_question/19/21001 
POST /api/post/answer {"user_id":21001,"question_id":19,"value":"слоывсдылвс.ошаощцзауощю.uhgwifg"}
GET /api/get/if/competition_user[competition_id[]]/user_id=21001 
GET /api/get/if/competition_user[competition_id[]]/user_id=21001 
GET /api/get/if/competition/id=2 
GET /api/get/if/competition/id=2 
GET /api/get/if/competition_question/competition_id=2 
POST /api/login {"login":"test","password":"test"}
GET /api/get/if/competition_user[competition_id[]]/user_id=21001 
GET /api/get/if/competition/id=1 
GET /api/get/if/competition_question/competition_id=1 
GET /api/get_question/1/21001 
GET /api/get_question/2/21001 
GET /api/get_question/3/21001 
GET /api/get_question/4/21001 
GET /api/get_question/5/21001 
GET /api/get_question/6/21001 
GET /api/get_question/7/21001 
GET /api/get_question/8/21001 
GET /api/get/if/competition_user[competition_id[]]/user_id=21001 
GET /api/get/if/competition/id=1 
GET /api/get/if/competition/id=1 
GET /api/get/if/competition_question/competition_id=1 
GET /api/get_question/2/21001 
GET /api/get_question/3/21001 
GET /api/get_question/4/21001 
GET /api/get_question/6/21001 
GET /api/get_question/7/21001 
GET /api/get_question/8/21001 
GET /api/get_question/9/21001 
GET /api/get_question/1/21001 
GET /api/get/if/competition_user[competition_id[]]/user_id=21001 
POST /api/login {"login":"test","password":"test"}
GET /api/get/if/competition_user[competition_id[]]/user_id=21001 
GET /api/get/if/competition_question/competition_id=2 
GET /api/get/if/competition/id=2 
GET /api/get_question/13/21001 
GET /api/get_question/15/21001 
GET /api/get_question/17/21001 
GET /api/get_question/18/21001 
GET /api/get_question/16/21001 
GET /api/get_question/17/21001 
GET /api/get/if/competition_user[competition_id[]]/user_id=21001 
GET /api/get/if/competition_user[competition_id[]]/user_id=21001 
GET /api/get/if/competition_user[competition_id[]]/user_id=21001 
GET /api/get/if/competition_question/competition_id=1 
GET /api/get/if/competition/id=1 
GET /api/get_question/7/21001 
