GET /api/command/restart/empty 
GET /api/dump/* 
GET /api/command/restart/empty 
GET /api/get/if/competition_user[competition_id[]]/user_id=21001 
GET /api/get/if/competition_question/competition_id=1 
GET /api/get/if/competition/id=1 
GET /api/get_question/1/21001 
GET /api/get_question/2/21001 
GET /api/get_question/3/21001 
GET /api/get_question/5/21001 
GET /api/get_question/7/21001 
GET /api/get/if/competition_user[competition_id[]]/user_id=21001 
GET /api/get/if/competition_question/competition_id=5 
GET /api/get/if/competition/id=5 
GET /api/get_question/33/21001 
GET /api/get_question/35/21001 
GET /api/get_question/36/21001 
GET /api/get/if/competition_user[competition_id[]]/user_id=21001 
GET /api/command/restart/empty 
GET /api/dump/* 
POST /api/login {"login":"test","password":"test"}
GET /api/get/if/competition_user[competition_id[]]/user_id=21001 
GET /api/get/if/competition/id=1 
GET /api/get/if/competition_question/competition_id=1 
GET /api/get_question/1/21001 
GET /api/get/if/competition_user[competition_id[]]/user_id=21001 
GET /api/get/if/competition_question/competition_id=1 
GET /api/get/if/competition/id=1 
GET /api/get_question/1/21001 
POST /api/post/answer {"user_id":21001,"question_id":1,"value":"3"}
GET /api/get_question/2/21001 
POST /api/post/answer {"user_id":21001,"question_id":2,"value":"3"}
GET /api/get_question/3/21001 
POST /api/post/answer {"user_id":21001,"question_id":3,"value":"2"}
GET /api/get_question/4/21001 
POST /api/post/answer {"user_id":21001,"question_id":4,"value":"2"}
GET /api/get_question/5/21001 
GET /api/get_question/4/21001 
GET /api/get_question/5/21001 
GET /api/get_question/4/21001 
GET /api/get_question/5/21001 
POST /api/post/answer {"user_id":21001,"question_id":5,"value":"2"}
GET /api/get_question/6/21001 
POST /api/post/answer {"user_id":21001,"question_id":6,"value":"3"}
GET /api/get_question/7/21001 
POST /api/post/answer {"user_id":21001,"question_id":7,"value":"3"}
GET /api/get_question/8/21001 
GET /api/get_question/1/21001 
GET /api/get_question/2/21001 
GET /api/get_question/3/21001 
GET /api/get_question/4/21001 
GET /api/get_question/5/21001 
GET /api/get_question/1/21001 
GET /api/get_question/2/21001 
GET /api/get_question/3/21001 
GET /api/get_question/2/21001 
GET /api/get_question/3/21001 
GET /api/get_question/4/21001 
GET /api/get_question/5/21001 
GET /api/get_question/6/21001 
GET /api/get_question/7/21001 
GET /api/get_question/8/21001 
POST /api/post/answer {"user_id":21001,"question_id":8,"value":"ответ"}
POST /api/post/answer {"user_id":21001,"question_id":8,"value":"ответ"}
POST /api/post/answer {"user_id":21001,"question_id":8,"value":"ответ"}
GET /api/get/if/competition_user[competition_id[]]/user_id=21001 
GET /api/get/if/competition_question/competition_id=3 
GET /api/get/if/competition/id=3 
GET /api/get_question/17/21001 
GET /api/get_question/18/21001 
GET /api/get_question/17/21001 
POST /api/post/answer {"user_id":21001,"question_id":17,"value":"3"}
GET /api/get_question/18/21001 
POST /api/post/answer {"user_id":21001,"question_id":18,"value":"1"}
GET /api/get_question/17/21001 
GET /api/get_question/18/21001 
GET /api/get_question/19/21001 
POST /api/post/answer {"user_id":21001,"question_id":19,"value":"2"}
GET /api/get_question/20/21001 
GET /api/get_question/17/21001 
GET /api/get_question/19/21001 
GET /api/get_question/20/21001 
POST /api/post/answer {"user_id":21001,"question_id":20,"value":"3"}
GET /api/get_question/21/21001 
POST /api/post/answer {"user_id":21001,"question_id":21,"value":"5"}
GET /api/get_question/22/21001 
POST /api/post/answer {"user_id":21001,"question_id":22,"value":"4"}
GET /api/get_question/23/21001 
POST /api/login {"login":"jap-126-501","password":"12601"}
GET /api/get_question/24/21001 
POST /api/registration {"login":"Mary2015","password":"pasha3232","email":"pasha32@mail.ru","key":"info"}
GET /api/get_question/17/21001 
GET /api/get/if/competition_user[competition_id[]]/user_id=21001 
GET /api/get/if/competition_question/competition_id=5 
GET /api/get/if/competition/id=5 
GET /api/get_question/33/21001 
POST /api/post/answer {"user_id":21001,"question_id":33,"value":"1"}
GET /api/get_question/34/21001 
GET /api/get_question/33/21001 
GET /api/get_question/34/21001 
GET /api/get_question/33/21001 
GET /api/get_question/34/21001 
GET /api/get_question/35/21001 
GET /api/get_question/36/21001 
POST /api/post/answer {"user_id":21001,"question_id":36,"value":"1"}
POST /api/post/answer {"user_id":21001,"question_id":36,"value":"1"}
GET /api/get_question/37/21001 
GET /api/get_question/38/21001 
GET /api/get_question/39/21001 
POST /api/post/answer {"user_id":21001,"question_id":39,"value":"3"}
GET /api/get_question/40/21001 
POST /api/post/answer {"user_id":21001,"question_id":40,"value":"олтлпед45още5ошае5п"}
POST /api/post/answer {"user_id":21001,"question_id":40,"value":"4рпр"}
POST /api/post/answer {"user_id":21001,"question_id":40,"value":"4рпр"}
POST /api/post/answer {"user_id":21001,"question_id":40,"value":"4рпр"}
GET /api/get/if/competition_user[competition_id[]]/user_id=21001 
GET /api/get/if/competition_question/competition_id=2 
GET /api/get/if/competition/id=2 
GET /api/get_question/9/21001 
GET /api/get_question/10/21001 
GET /api/get_question/9/21001 
GET /api/get_question/11/21001 
GET /api/get_question/9/21001 
GET /api/get_question/10/21001 
GET /api/get_question/9/21001 
GET /api/get_question/10/21001 
GET /api/get_question/11/21001 
POST /api/post/answer {"user_id":21001,"question_id":11,"value":"3"}
GET /api/get_question/12/21001 
POST /api/post/answer {"user_id":21001,"question_id":12,"value":"3"}
GET /api/get_question/13/21001 
POST /api/post/answer {"user_id":21001,"question_id":13,"value":"2"}
GET /api/get_question/14/21001 
POST /api/post/answer {"user_id":21001,"question_id":14,"value":"2"}
GET /api/get_question/15/21001 
POST /api/post/answer {"user_id":21001,"question_id":15,"value":"3"}
GET /api/get_question/16/21001 
GET /api/get_question/10/21001 
GET /api/get/if/competition_user[competition_id[]]/user_id=21001 
GET /api/get/if/competition_question/competition_id=4 
GET /api/get/if/competition/id=4 
GET /api/get_question/25/21001 
GET /api/get/if/competition_user[competition_id[]]/user_id=21001 
GET /api/get/if/competition_question/competition_id=4 
GET /api/get/if/competition/id=4 
GET /api/get_question/25/21001 
POST /api/post/answer {"user_id":21001,"question_id":25,"value":"4"}
GET /api/get_question/26/21001 
GET /api/get_question/27/21001 
GET /api/get_question/25/21001 
GET /api/get/if/competition_user[competition_id[]]/user_id=21001 
GET /api/get/if/competition_question/competition_id=4 
GET /api/get/if/competition/id=4 
GET /api/get_question/25/21001 
GET /api/get_question/26/21001 
GET /api/get_question/27/21001 
GET /api/get_question/26/21001 
GET /api/get_question/27/21001 
GET /api/get_question/28/21001 
POST /api/post/answer {"user_id":21001,"question_id":28,"value":"2"}
GET /api/get_question/27/21001 
GET /api/get_question/28/21001 
GET /api/get_question/29/21001 
GET /api/get_question/30/21001 
GET /api/get_question/25/21001 
GET /api/get_question/26/21001 
GET /api/get_question/27/21001 
GET /api/get_question/28/21001 
GET /api/get_question/29/21001 
GET /api/get_question/30/21001 
GET /api/get_question/31/21001 
GET /api/get_question/32/21001 
GET /api/get/if/competition_user[competition_id[]]/user_id=21001 
GET /api/get/if/competition_question/competition_id=6 
GET /api/get/if/competition/id=6 
GET /api/get_question/41/21001 
GET /api/get_question/42/21001 
GET /api/get_question/43/21001 
GET /api/get_question/44/21001 
GET /api/get_question/45/21001 
GET /api/get_question/41/21001 
GET /api/get_question/42/21001 
GET /api/get/if/competition_user[competition_id[]]/user_id=21001 
GET /api/get/if/competition_question/competition_id=4 
GET /api/get/if/competition/id=4 
GET /api/get_question/32/21001 
GET /api/get_question/25/21001 
GET /api/get/if/competition_user[competition_id[]]/user_id=21001 
GET /api/get/if/competition_question/competition_id=6 
GET /api/get/if/competition/id=6 
GET /api/get_question/41/21001 
GET /api/get_question/42/21001 
GET /api/get_question/43/21001 
GET /api/get_question/44/21001 
GET /api/get_question/45/21001 
GET /api/get_question/46/21001 
GET /api/get_question/47/21001 
GET /api/get_question/48/21001 
GET /api/get_question/41/21001 
GET /api/get_question/44/21001 
GET /api/get_question/45/21001 
GET /api/get_question/46/21001 
GET /api/get_question/41/21001 
GET /api/get_question/47/21001 
GET /api/get_question/46/21001 
GET /api/get_question/42/21001 
GET /api/get_question/46/21001 
GET /api/get_question/41/21001 
GET /api/get_question/43/21001 
GET /api/get_question/47/21001 
GET /api/get_question/46/21001 
GET /api/get_question/45/21001 
GET /api/get_question/48/21001 
GET /api/get_question/47/21001 
GET /api/get_question/46/21001 
GET /api/get_question/45/21001 
GET /api/get_question/44/21001 
GET /api/get_question/43/21001 
GET /api/get_question/41/21001 
GET /api/get_question/44/21001 
GET /api/get_question/45/21001 
GET /api/get_question/46/21001 
GET /api/get_question/47/21001 
GET /api/get/if/competition_user[competition_id[]]/user_id=21001 
GET /api/get/if/competition_question/competition_id=3 
GET /api/get/if/competition/id=3 
GET /api/get_question/18/21001 
GET /api/get_question/19/21001 
GET /api/get_question/20/21001 
GET /api/get_question/21/21001 
GET /api/get_question/24/21001 
GET /api/get/if/competition_user[competition_id[]]/user_id=21001 
GET /api/get/if/competition_question/competition_id=5 
GET /api/get/if/competition/id=5 
GET /api/get_question/33/21001 
GET /api/get_question/36/21001 
GET /api/get_question/39/21001 
GET /api/get_question/40/21001 
GET /api/get/if/competition_user[competition_id[]]/user_id=21001 
GET /api/get/if/competition_question/competition_id=2 
GET /api/get/if/competition/id=2 
GET /api/get_question/11/21001 
GET /api/get_question/12/21001 
GET /api/get_question/13/21001 
GET /api/get_question/14/21001 
GET /api/get_question/15/21001 
GET /api/get/if/competition_user[competition_id[]]/user_id=21001 
GET /api/get/if/competition_question/competition_id=4 
GET /api/get/if/competition/id=4 
GET /api/get_question/25/21001 
GET /api/get_question/27/21001 
GET /api/get_question/28/21001 
GET /api/get_question/29/21001 
GET /api/get_question/30/21001 
GET /api/get_question/31/21001 
GET /api/get_question/25/21001 
GET /api/get_question/26/21001 
GET /api/get_question/27/21001 
GET /api/get/if/competition_user[competition_id[]]/user_id=21001 
GET /api/get/if/competition_question/competition_id=1 
GET /api/get/if/competition/id=1 
GET /api/get_question/1/21001 
GET /api/get_question/2/21001 
GET /api/get_question/3/21001 
GET /api/get_question/4/21001 
GET /api/get_question/5/21001 
GET /api/get_question/6/21001 
GET /api/get_question/7/21001 
GET /api/get/if/competition_user[competition_id[]]/user_id=21001 
GET /api/get/if/competition_question/competition_id=4 
GET /api/get/if/competition/id=4 
GET /api/get_question/25/21001 
GET /api/get_question/29/21001 
GET /api/get/if/competition_user[competition_id[]]/user_id=21001 
GET /api/get/if/competition_question/competition_id=6 
GET /api/get/if/competition/id=6 
GET /api/get_question/45/21001 
GET /api/get_question/46/21001 
GET /api/get_question/47/21001 
GET /api/get_question/48/21001 
GET /api/get_question/47/21001 
GET /api/get_question/46/21001 
GET /api/get_question/48/21001 
GET /api/get/if/competition_question/competition_id=6 
GET /api/get/if/competition/id=6 
GET /api/get/if/competition_user[competition_id[]]/user_id=21001 
GET /api/get/if/competition_user[competition_id[]]/user_id=21001 
POST /api/login {"login":"test","password":"test"}
GET /api/get/if/competition_user[competition_id[]]/user_id=21001 
GET /api/get/if/competition_user[competition_id[]]/user_id=21001 
POST /api/login {"login":"test","password":"test"}
GET /api/get/if/competition_user[competition_id[]]/user_id=21001 
GET /api/get/if/competition_user[competition_id[]]/user_id=21001 
GET /api/get/if/competition/id=1 
GET /api/get/if/competition_question/competition_id=1 
GET /api/get_question/5/21001 
GET /api/get_question/6/21001 
GET /api/get_question/1/21001 
GET /api/get_question/2/21001 
GET /api/get_question/3/21001 
GET /api/get_question/4/21001 
GET /api/get_question/5/21001 
GET /api/get_question/6/21001 
GET /api/get_question/1/21001 
GET /api/get_question/5/21001 
GET /api/get_question/6/21001 
GET /api/get_question/7/21001 
