GET /api/command/restart/empty 
GET /api/dump/* 
GET /api/dump_as_file/* 
GET /api/command/restart/empty 
POST /api/login {"login":"lol","password":"lol"}
GET /api/get/if/competition_user[competition_id[]]/user_id=21001 
GET /api/get/if/competition/id=1 
GET /api/get/if/competition_question/competition_id=1 
GET /api/get_question/1/21001 
GET /api/get_question/2/21001 
GET /api/get_question/4/21001 
GET /api/get_question/7/21001 
GET /api/get_question/9/21001 
GET /api/get_question/12/21001 
GET /api/get_question/13/21001 
GET /api/get_question/23/21001 
GET /api/get_question/22/21001 
GET /api/get_question/20/21001 
GET /api/get_question/18/21001 
GET /api/get_question/16/21001 
GET /api/get_question/14/21001 
GET /api/get/if/competition_user[competition_id[]]/user_id=21001 
GET /api/get/if/competition_question/competition_id=3 
GET /api/get/if/competition/id=3 
GET /api/get_question/46/21001 
GET /api/get_question/47/21001 
GET /api/get_question/48/21001 
GET /api/get_question/50/21001 
GET /api/get_question/42/21001 
GET /api/get_question/48/21001 
GET /api/get_question/50/21001 
GET /api/get_question/51/21001 
GET /api/get_question/59/21001 
GET /api/get_question/60/21001 
