GET /api/get/if/competition_question/competition_id=6 
GET /api/get/if/competition/id=6 
GET /api/get_question/45/21001 
GET /api/get/if/competition_user[competition_id[]]/user_id=21001 
GET /api/get/if/competition_question/competition_id=1 
GET /api/get/if/competition/id=1 
GET /api/get_question/1/21001 
GET /api/get_question/2/21001 
GET /api/get_question/1/21001 
GET /api/get_question/2/21001 
GET /api/get_question/1/21001 
POST /api/login {"login":"test","password":"test"}
GET /api/get/if/competition_user[competition_id[]]/user_id=21001 
GET /api/get_question/8/21001 
GET /api/get/if/competition_question/competition_id=1 
GET /api/get/if/competition/id=1 
GET /api/get_question/1/21001 
GET /api/get_question/2/21001 
GET /api/get_question/1/21001 
GET /api/get_question/2/21001 
GET /api/get_question/1/21001 
GET /api/get_question/7/21001 
GET /api/get/if/competition_user[competition_id[]]/user_id=21001 
GET /api/get_question/2/21001 
GET /api/get_question/1/21001 
GET /api/get_question/2/21001 
GET /api/get_question/3/21001 
GET /api/get_question/4/21001 
GET /api/get_question/5/21001 
GET /api/get_question/4/21001 
GET /api/get_question/5/21001 
GET /api/get/if/competition_question/competition_id=1 
GET /api/get/if/competition/id=1 
GET /api/get_question/7/21001 
GET /api/get/if/competition_user[competition_id[]]/user_id=21001 
GET /api/get/if/competition/id=2 
GET /api/get/if/competition/id=2 
GET /api/get/if/competition_question/competition_id=2 
GET /api/get/if/competition_user[competition_id[]]/user_id=21001 
GET /api/get/if/competition_question/competition_id=1 
GET /api/get/if/competition/id=1 
GET /api/get_question/1/21001 
GET /api/get_question/2/21001 
GET /api/get_question/3/21001 
GET /api/get_question/4/21001 
GET /api/get_question/1/21001 
GET /api/get/if/competition_user[competition_id[]]/user_id=21001 
GET /api/get_question/3/21001 
GET /api/get_question/4/21001 
GET /api/get_question/7/21001 
GET /api/get_question/5/21001 
GET /api/get_question/4/21001 
GET /api/get/if/competition_user[competition_id[]]/user_id=21001 
GET /api/get/if/competition_user[competition_id[]]/user_id=21001 
GET /api/get/if/competition_user[competition_id[]]/user_id=21001 
GET /api/get/if/competition_question/competition_id=1 
GET /api/get/if/competition/id=1 
GET /api/get_question/1/21001 
GET /api/get/if/competition_question/competition_id=1 
GET /api/get/if/competition/id=1 
GET /api/get/if/competition_user[competition_id[]]/user_id=21001 
GET /api/get_question/1/21001 
GET /api/get_question/2/21001 
GET /api/get_question/3/21001 
GET /api/get_question/4/21001 
GET /api/get_question/5/21001 
GET /api/get_question/6/21001 
GET /api/get_question/7/21001 
POST /api/login {"login":"test","password":"test"}
GET /api/get/if/competition_user[competition_id[]]/user_id=21001 
GET /api/get/if/competition/id=1 
GET /api/get/if/competition_question/competition_id=1 
GET /api/get_question/1/21001 
GET /api/get_question/2/21001 
GET /api/get_question/1/21001 
GET /api/get_question/1/21001 
GET /api/get_question/7/21001 
GET /api/get_question/8/21001 
GET /api/get_question/7/21001 
GET /api/get_question/8/21001 
GET /api/get/if/competition_user[competition_id[]]/user_id=21001 
GET /api/get/if/competition_question/competition_id=3 
GET /api/get/if/competition/id=3 
GET /api/get_question/17/21001 
GET /api/get_question/18/21001 
GET /api/get_question/19/21001 
GET /api/get_question/20/21001 
GET /api/get_question/21/21001 
GET /api/get_question/22/21001 
GET /api/get_question/8/21001 
GET /api/get_question/23/21001 
GET /api/get/if/competition_user[competition_id[]]/user_id=21001 
GET /api/get/if/competition_question/competition_id=3 
GET /api/get/if/competition/id=3 
GET /api/get_question/22/21001 
GET /api/get_question/24/21001 
GET /api/get_question/24/21001 
GET /api/get/if/competition_user[competition_id[]]/user_id=21001 
GET /api/get/if/competition_question/competition_id=5 
GET /api/get/if/competition/id=5 
GET /api/get_question/33/21001 
GET /api/get_question/34/21001 
GET /api/get_question/35/21001 
