GET /api/get/if/competition_user[competition_id[]]/user_id=23001 
GET /api/get/if/competition/id=1 
GET /api/get/if/competition_question/competition_id=1 
GET /api/get_question/6/23001 
GET /api/get/if/competition_user[competition_id[]]/user_id=25094 
GET /api/get/if/competition_user[competition_id[]]/user_id=25094 
GET /api/get/if/competition_user[competition_id[]]/user_id=25094 
GET /api/get/if/competition_question/competition_id=2 
GET /api/get/if/competition/id=2 
GET /api/get/if/competition_question/competition_id=1 
GET /api/get/if/competition/id=1 
POST /api/login {"login":"test","password":"test"}
GET /api/get/if/competition_user[competition_id[]]/user_id=23001 
GET /api/get/if/competition_question/competition_id=1 
GET /api/get/if/competition_question/competition_id=1 
GET /api/get/if/competition/id=1 
GET /api/get_question/1/23001 
POST /api/post/answer {"user_id":23001,"question_id":1,"value":"1"}
GET /api/get_question/2/23001 
GET /api/get_question/1/23001 
GET /api/get_question/2/23001 
GET /api/get_question/1/23001 
GET /api/get_question/2/23001 
GET /api/get_question/3/23001 
GET /api/get_question/4/23001 
GET /api/get_question/5/23001 
GET /api/get_question/6/23001 
GET /api/get_question/8/23001 
GET /api/get_question/9/23001 
GET /api/get_question/12/23001 
GET /api/get_question/11/23001 
GET /api/get_question/10/23001 
GET /api/get/if/competition_user[competition_id[]]/user_id=23001 
GET /api/get/if/competition_question/competition_id=2 
GET /api/get/if/competition/id=2 
GET /api/get_question/24/23001 
GET /api/get_question/25/23001 
GET /api/get_question/26/23001 
GET /api/get_question/27/23001 
GET /api/get_question/28/23001 
GET /api/get_question/29/23001 
GET /api/get_question/30/23001 
POST /api/login {"login":"test","password":"test"}
GET /api/get/if/competition_user[competition_id[]]/user_id=23001 
GET /api/get/if/competition_question/competition_id=5 
GET /api/get/if/competition/id=5 
GET /api/get/if/competition_user[competition_id[]]/user_id=23001 
GET /api/get/if/competition_question/competition_id=1 
GET /api/get/if/competition/id=1 
GET /api/get_question/1/23001 
GET /api/get/if/competition_user[competition_id[]]/user_id=23001 
GET /api/get/if/competition_question/competition_id=2 
GET /api/get/if/competition/id=2 
GET /api/get_question/24/23001 
POST /api/post/answer {"user_id":23001,"question_id":24,"value":"3"}
GET /api/get_question/25/23001 
POST /api/post/answer {"user_id":23001,"question_id":25,"value":"3"}
GET /api/get_question/26/23001 
POST /api/post/answer {"user_id":23001,"question_id":26,"value":"2"}
GET /api/get_question/27/23001 
POST /api/post/answer {"user_id":23001,"question_id":27,"value":"2"}
GET /api/get_question/28/23001 
GET /api/get_question/27/23001 
GET /api/get_question/28/23001 
GET /api/get_question/27/23001 
GET /api/get_question/26/23001 
GET /api/get_question/27/23001 
GET /api/get_question/25/23001 
GET /api/get_question/24/23001 
GET /api/get_question/25/23001 
GET /api/get_question/26/23001 
GET /api/get_question/29/23001 
GET /api/get_question/28/23001 
GET /api/get_question/27/23001 
GET /api/get_question/28/23001 
POST /api/post/answer {"user_id":23001,"question_id":28,"value":"1"}
GET /api/get_question/29/23001 
POST /api/post/answer {"user_id":23001,"question_id":29,"value":"3"}
GET /api/get_question/30/23001 
POST /api/post/answer {"user_id":23001,"question_id":30,"value":"1"}
GET /api/get_question/31/23001 
POST /api/post/answer {"user_id":23001,"question_id":31,"value":"3"}
GET /api/get_question/32/23001 
POST /api/post/answer {"user_id":23001,"question_id":32,"value":"3"}
GET /api/get_question/33/23001 
POST /api/post/answer {"user_id":23001,"question_id":33,"value":"4"}
GET /api/get_question/34/23001 
POST /api/post/answer {"user_id":23001,"question_id":34,"value":"3,4"}
GET /api/get_question/35/23001 
GET /api/get_question/36/23001 
GET /api/get_question/37/23001 
POST /api/post/answer {"user_id":23001,"question_id":37,"value":"Пешеходный переход"}
GET /api/get_question/38/23001 
POST /api/post/answer {"user_id":23001,"question_id":38,"value":"ввввв"}
GET /api/get_question/37/23001 
POST /api/post/answer {"user_id":23001,"question_id":37,"value":"Пешеходный переход"}
POST /api/post/answer {"user_id":23001,"question_id":37,"value":"Пешеходный переход"}
GET /api/get_question/38/23001 
GET /api/get/if/competition_user[competition_id[]]/user_id=23001 
GET /api/get/if/competition_question/competition_id=2 
GET /api/get/if/competition/id=2 
GET /api/get/if/competition_user[competition_id[]]/user_id=23001 
GET /api/get/if/competition_question/competition_id=1 
GET /api/get/if/competition/id=1 
GET /api/get_question/1/23001 
POST /api/post/answer {"user_id":23001,"question_id":1,"value":"1"}
GET /api/get_question/2/23001 
POST /api/post/answer {"user_id":23001,"question_id":2,"value":"3"}
GET /api/get_question/3/23001 
POST /api/post/answer {"user_id":23001,"question_id":3,"value":"3"}
GET /api/get_question/4/23001 
POST /api/post/answer {"user_id":23001,"question_id":4,"value":"4"}
GET /api/get_question/5/23001 
POST /api/post/answer {"user_id":23001,"question_id":5,"value":"2"}
GET /api/get_question/6/23001 
GET /api/get_question/7/23001 
POST /api/post/answer {"user_id":23001,"question_id":7,"value":"1"}
GET /api/get_question/8/23001 
GET /api/get_question/9/23001 
GET /api/get_question/10/23001 
POST /api/post/answer {"user_id":23001,"question_id":10,"value":"3"}
GET /api/get_question/11/23001 
POST /api/login {"login":"test","password":"test"}
GET /api/get/if/competition_user[competition_id[]]/user_id=23001 
POST /api/login {"login":"test","password":"test"}
GET /api/get/if/competition_user[competition_id[]]/user_id=23001 
GET /api/get/if/competition_question/competition_id=1 
GET /api/get/if/competition/id=1 
GET /api/get_question/7/23001 
GET /api/get_question/8/23001 
GET /api/get_question/11/23001 
GET /api/get_question/1/23001 
POST /api/login {"login":"jap-lang-03","password":"33003"}
POST /api/login {"password":"33003"}
POST /api/login {"password":"33003"}
POST /api/login {"password":"33003"}
GET /api/get_question/2/23001 
GET /api/get_question/3/23001 
GET /api/get_question/4/23001 
GET /api/get_question/5/23001 
GET /api/get_question/6/23001 
GET /api/get_question/7/23001 
GET /api/get_question/8/23001 
GET /api/get_question/9/23001 
GET /api/get_question/10/23001 
GET /api/get_question/11/23001 
GET /api/get_question/12/23001 
GET /api/get_question/13/23001 
GET /api/get_question/14/23001 
GET /api/get_question/15/23001 
GET /api/get_question/16/23001 
GET /api/get_question/17/23001 
GET /api/get_question/18/23001 
GET /api/get_question/19/23001 
GET /api/get_question/20/23001 
GET /api/get_question/21/23001 
GET /api/get_question/22/23001 
GET /api/get_question/23/23001 
GET /api/get/if/competition_user[competition_id[]]/user_id=23001 
GET /api/get/if/competition_question/competition_id=3 
GET /api/get/if/competition/id=3 
GET /api/get_question/39/23001 
GET /api/get_question/40/23001 
POST /api/post/answer {"user_id":23001,"question_id":40,"value":"3"}
POST /api/post/answer {"user_id":23001,"question_id":40,"value":"3"}
GET /api/get_question/41/23001 
GET /api/get_question/45/23001 
GET /api/get_question/41/23001 
POST /api/post/answer {"user_id":23001,"question_id":41,"value":"3"}
GET /api/get_question/42/23001 
GET /api/get_question/43/23001 
GET /api/get_question/44/23001 
GET /api/get_question/45/23001 
GET /api/get_question/46/23001 
GET /api/get_question/47/23001 
POST /api/post/answer {"user_id":23001,"question_id":47,"value":"2"}
GET /api/get_question/48/23001 
POST /api/post/answer {"user_id":23001,"question_id":48,"value":"4"}
GET /api/get_question/49/23001 
POST /api/login {"login":"test","password":"test"}
GET /api/get/if/competition_user[competition_id[]]/user_id=23001 
GET /api/get/if/competition_question/competition_id=6 
GET /api/get/if/competition/id=6 
GET /api/get_question/100/23001 
GET /api/get/if/competition_user[competition_id[]]/user_id=23001 
GET /api/get/if/competition/id=6 
GET /api/get/if/competition_question/competition_id=6 
GET /api/get_question/100/23001 
GET /api/get/if/competition_user[competition_id[]]/user_id=23001 
GET /api/get/if/competition/id=5 
GET /api/get/if/competition_question/competition_id=5 
GET /api/get_question/77/23001 
GET /api/get/if/competition_user[competition_id[]]/user_id=23001 
GET /api/get/if/competition_user%5Bcompetition_id%5B%5D%5D/user_id=23530 
GET /api/get/if/competition_question/competition_id=5 
GET /api/get/if/competition/id=5 
GET /api/get_question/77/23001 
GET /api/get_question/78/23001 
GET /api/get_question/79/23001 
GET /api/get_question/80/23001 
GET /api/get_question/81/23001 
GET /api/get_question/82/23001 
GET /api/get_question/83/23001 
GET /api/get_question/84/23001 
GET /api/get_question/85/23001 
GET /api/get_question/86/23001 
GET /api/get_question/87/23001 
GET /api/get_question/88/23001 
GET /api/get_question/89/23001 
GET /api/get_question/90/23001 
GET /api/get_question/91/23001 
GET /api/get_question/92/23001 
GET /api/get/if/competition_question/competition_id=5 
GET /api/get/if/competition/id=5 
GET /api/get_question/89/23001 
GET /api/get_question/92/23001 
GET /api/get_question/93/23001 
GET /api/get_question/94/23001 
GET /api/get_question/95/23001 
GET /api/get_question/96/23001 
GET /api/get_question/97/23001 
GET /api/get_question/98/23001 
GET /api/get_question/99/23001 
GET /api/get/if/competition_user[competition_id[]]/user_id=23001 
GET /api/get/if/competition/id=6 
GET /api/get/if/competition_question/competition_id=6 
GET /api/get_question/100/23001 
GET /api/get_question/101/23001 
GET /api/get_question/102/23001 
GET /api/get_question/103/23001 
GET /api/get_question/104/23001 
GET /api/get_question/105/23001 
GET /api/get_question/111/23001 
GET /api/get_question/102/23001 
GET /api/get_question/103/23001 
GET /api/get_question/111/23001 
GET /api/get_question/103/23001 
GET /api/get_question/104/23001 
GET /api/get_question/105/23001 
GET /api/get_question/106/23001 
GET /api/get_question/107/23001 
GET /api/get_question/108/23001 
GET /api/get_question/109/23001 
GET /api/get_question/110/23001 
GET /api/get_question/109/23001 
GET /api/get_question/110/23001 
GET /api/get_question/111/23001 
GET /api/get_question/112/23001 
GET /api/get_question/113/23001 
GET /api/get_question/114/23001 
GET /api/get/if/competition_user[competition_id[]]/user_id=23001 
GET /api/get/if/competition_question/competition_id=4 
GET /api/get/if/competition/id=4 
GET /api/get_question/62/23001 
GET /api/get_question/63/23001 
GET /api/get_question/64/23001 
GET /api/get_question/65/23001 
GET /api/get_question/66/23001 
GET /api/get_question/67/23001 
GET /api/get_question/68/23001 
GET /api/get_question/69/23001 
GET /api/get_question/70/23001 
GET /api/get_question/71/23001 
GET /api/get_question/72/23001 
GET /api/get_question/73/23001 
GET /api/get_question/74/23001 
GET /api/get_question/75/23001 
GET /api/get_question/76/23001 
GET /api/get/if/competition_user[competition_id[]]/user_id=23001 
GET /api/get/if/competition_user[competition_id[]]/user_id=23001 
GET /api/get/if/competition_question/competition_id=1 
GET /api/get/if/competition/id=1 
GET /api/get/if/competition_user[competition_id[]]/user_id=23001 
GET /api/get/if/competition_question/competition_id=2 
GET /api/get/if/competition/id=2 
GET /api/get/if/competition_user[competition_id[]]/user_id=23001 
GET /api/get/if/competition_question/competition_id=3 
GET /api/get/if/competition/id=3 
POST /api/login {"login":"Test","password":"test"}
POST /api/login {"login":"test","password":"test"}
GET /api/get/if/competition_user[competition_id[]]/user_id=23001 
GET /api/get/if/competition_question/competition_id=1 
GET /api/get/if/competition/id=1 
GET /api/get_question/5/23001 
GET /api/get_question/1/23001 
GET /api/get_question/2/23001 
GET /api/get_question/3/23001 
GET /api/get_question/4/23001 
GET /api/get_question/5/23001 
GET /api/get/if/competition_user[competition_id[]]/user_id=23001 
GET /api/get_question/6/23001 
GET /api/get/if/competition_question/competition_id=2 
GET /api/get/if/competition/id=2 
GET /api/get_question/7/23001 
GET /api/get_question/15/23001 
GET /api/get_question/16/23001 
GET /api/get_question/20/23001 
GET /api/get_question/21/23001 
GET /api/get_question/22/23001 
GET /api/get_question/23/23001 
GET /api/get/if/competition_user[competition_id[]]/user_id=23001 
GET /api/get/if/competition/id=5 
GET /api/get/if/competition_question/competition_id=5 
GET /api/get_question/84/23001 
GET /api/get_question/99/23001 
GET /api/get_question/98/23001 
GET /api/get/if/competition_user[competition_id[]]/user_id=23001 
GET /api/get/if/competition_question/competition_id=1 
GET /api/get/if/competition/id=1 
GET /api/get_question/23/23001 
GET /api/get_question/21/23001 
GET /api/get/if/competition_user[competition_id[]]/user_id=23001 
POST /api/login {"login":"test","password":"test"}
GET /api/get/if/competition_user[competition_id[]]/user_id=23001 
GET /api/get/if/competition/id=1 
GET /api/get/if/competition_question/competition_id=1 
GET /api/get_question/23/23001 
GET /api/get_question/22/23001 
GET /api/get_question/23/23001 
GET /api/get_question/22/23001 
GET /api/get_question/21/23001 
GET /api/get_question/22/23001 
GET /api/get_question/23/23001 
GET /api/get_question/17/23001 
GET /api/get_question/19/23001 
GET /api/get_question/20/23001 
GET /api/get_question/22/23001 
GET /api/get_question/14/23001 
GET /api/get_question/17/23001 
GET /api/get_question/16/23001 
GET /api/get/if/competition_user[competition_id[]]/user_id=23001 
GET /api/get/if/competition/id=3 
GET /api/get/if/competition_question/competition_id=3 
GET /api/get_question/39/23001 
GET /api/get_question/40/23001 
GET /api/get_question/41/23001 
GET /api/get_question/42/23001 
GET /api/get_question/43/23001 
GET /api/get_question/44/23001 
GET /api/get_question/45/23001 
GET /api/get_question/46/23001 
GET /api/get_question/47/23001 
GET /api/get_question/48/23001 
GET /api/get_question/49/23001 
GET /api/get_question/50/23001 
GET /api/get_question/51/23001 
GET /api/get_question/52/23001 
GET /api/get_question/53/23001 
GET /api/get_question/54/23001 
GET /api/get_question/55/23001 
GET /api/get_question/56/23001 
GET /api/get_question/57/23001 
GET /api/get_question/58/23001 
GET /api/get_question/59/23001 
GET /api/get_question/60/23001 
GET /api/get_question/61/23001 
GET /api/get/if/competition_user[competition_id[]]/user_id=23001 
GET /api/get/if/competition/id=5 
GET /api/get/if/competition_question/competition_id=5 
GET /api/get_question/77/23001 
GET /api/get_question/78/23001 
GET /api/get_question/79/23001 
GET /api/get_question/80/23001 
GET /api/get_question/81/23001 
GET /api/get_question/82/23001 
GET /api/get_question/83/23001 
GET /api/get_question/84/23001 
GET /api/get_question/85/23001 
GET /api/get_question/86/23001 
GET /api/get_question/87/23001 
GET /api/get_question/88/23001 
GET /api/get_question/89/23001 
GET /api/get_question/91/23001 
GET /api/get_question/99/23001 
GET /api/get_question/98/23001 
GET /api/get_question/97/23001 
GET /api/get_question/96/23001 
GET /api/get_question/95/23001 
GET /api/get_question/94/23001 
GET /api/get_question/93/23001 
GET /api/get_question/92/23001 
GET /api/get_question/91/23001 
GET /api/get_question/90/23001 
GET /api/get_question/89/23001 
GET /api/get_question/88/23001 
GET /api/get_question/87/23001 
GET /api/get_question/86/23001 
GET /api/get_question/85/23001 
GET /api/get/if/competition_user[competition_id[]]/user_id=23001 
GET /api/get/if/competition_question/competition_id=6 
GET /api/get/if/competition/id=6 
GET /api/get_question/100/23001 
GET /api/get_question/101/23001 
GET /api/get_question/102/23001 
GET /api/get_question/103/23001 
GET /api/get_question/104/23001 
GET /api/get_question/105/23001 
GET /api/get_question/106/23001 
GET /api/get_question/107/23001 
GET /api/get_question/108/23001 
GET /api/get_question/109/23001 
GET /api/get_question/110/23001 
GET /api/get_question/111/23001 
GET /api/get_question/112/23001 
GET /api/get_question/113/23001 
GET /api/get_question/114/23001 
GET /api/get_question/113/23001 
GET /api/get_question/112/23001 
GET /api/get/if/competition_user[competition_id[]]/user_id=23001 
GET /api/get/if/competition_question/competition_id=3 
GET /api/get/if/competition/id=3 
GET /api/get_question/39/23001 
GET /api/get_question/40/23001 
GET /api/get_question/41/23001 
GET /api/get_question/42/23001 
GET /api/get_question/43/23001 
GET /api/get_question/44/23001 
GET /api/get_question/45/23001 
GET /api/get_question/46/23001 
GET /api/get_question/47/23001 
GET /api/get/if/competition_user[competition_id[]]/user_id=23001 
GET /api/get/if/competition/id=4 
GET /api/get/if/competition_question/competition_id=4 
GET /api/get_question/62/23001 
GET /api/get_question/63/23001 
GET /api/get_question/64/23001 
GET /api/get_question/65/23001 
GET /api/get_question/66/23001 
GET /api/get_question/67/23001 
GET /api/get_question/68/23001 
GET /api/get_question/69/23001 
GET /api/get_question/70/23001 
GET /api/get_question/71/23001 
GET /api/get_question/72/23001 
GET /api/get_question/73/23001 
GET /api/get_question/74/23001 
GET /api/get_question/75/23001 
GET /api/get_question/76/23001 
GET /api/get/if/competition_user[competition_id[]]/user_id=23001 
GET /api/get/if/competition_question/competition_id=2 
GET /api/get/if/competition/id=2 
GET /api/get_question/24/23001 
GET /api/get_question/25/23001 
GET /api/get_question/26/23001 
GET /api/get_question/27/23001 
GET /api/get_question/28/23001 
GET /api/get_question/29/23001 
GET /api/get_question/30/23001 
GET /api/get_question/31/23001 
GET /api/get_question/32/23001 
GET /api/get_question/33/23001 
GET /api/get_question/34/23001 
GET /api/get_question/36/23001 
GET /api/get_question/37/23001 
GET /api/get_question/38/23001 
GET /api/get_question/37/23001 
POST /api/login {"login":"jap-lang-03","password":"33003"}
GET /api/get/if/competition_user[competition_id[]]/user_id=23001 
GET /api/get/if/competition_user[competition_id[]]/user_id=23523 
GET /api/get/if/competition_user[competition_id[]]/user_id=23523 
GET /api/get/if/competition_user[competition_id[]]/user_id=23523 
GET /api/get/if/competition_user[competition_id[]]/user_id=23523 
GET /api/get/if/competition_question/competition_id=3 
GET /api/get/if/competition/id=3 
GET /api/get/if/competition_user[competition_id[]]/user_id=23523 
GET /api/get/if/competition_question/competition_id=1 
GET /api/get/if/competition/id=1 
POST /api/login {"login":"ZAP00001","password":"14594"}
POST /api/login {"password":"14594"}
POST /api/login {"password":"14594"}
POST /api/login {"password":"14594"}
POST /api/login {"login":"ZAP00005","password":"14598"}
POST /api/login {"login":"ZAP00005","password":"14598"}
POST /api/login {"login":"ZAP00005","password":"14598"}
POST /api/login {"login":"ZAP00005","password":"14598"}
POST /api/login {"login":"ОБЖОВ309","password":"90108"}
POST /api/login {"password":"90108"}
POST /api/login {"password":"90108"}
GET /api/test 
GET /api/get/if/competition_user[competition_id[]]/user_id=23001 
